<?xml version="1.0" encoding="UTF-8"?>
<testng-results ignored="0" total="1" passed="1" failed="0" skipped="0">
  <reporter-output>
  </reporter-output>
  <suite started-at="2026-01-29T12:04:12 IST" name="Default suite" finished-at="2026-01-29T12:04:39 IST" duration-ms="26762">
    <groups>
    </groups>
    <test started-at="2026-01-29T12:04:12 IST" name="Default test" finished-at="2026-01-29T12:04:39 IST" duration-ms="26762">
      <class name="org.automation.modulerFramework.TC_BuyAProduct_003_Test">
        <test-method is-config="true" signature="browserSetUP()[pri:0, instance:org.automation.modulerFramework.TC_BuyAProduct_003_Test@7bedc48a]" started-at="2026-01-29T12:04:12 IST" name="browserSetUP" finished-at="2026-01-29T12:04:27 IST" duration-ms="14649" status="PASS">
          <reporter-output>
          </reporter-output>
        </test-method> <!-- browserSetUP -->
        <test-method is-config="true" signature="login()[pri:0, instance:org.automation.modulerFramework.TC_BuyAProduct_003_Test@7bedc48a]" started-at="2026-01-29T12:04:27 IST" name="login" finished-at="2026-01-29T12:04:27 IST" duration-ms="767" status="PASS">
          <reporter-output>
          </reporter-output>
        </test-method> <!-- login -->
        <test-method signature="buyingProduct()[pri:0, instance:org.automation.modulerFramework.TC_BuyAProduct_003_Test@7bedc48a]" started-at="2026-01-29T12:04:27 IST" name="buyingProduct" finished-at="2026-01-29T12:04:37 IST" duration-ms="9951" status="PASS">
          <reporter-output>
          </reporter-output>
        </test-method> <!-- buyingProduct -->
        <test-method is-config="true" signature="logout()[pri:0, instance:org.automation.modulerFramework.TC_BuyAProduct_003_Test@7bedc48a]" started-at="2026-01-29T12:04:37 IST" name="logout" finished-at="2026-01-29T12:04:38 IST" duration-ms="1123" status="PASS">
          <reporter-output>
          </reporter-output>
        </test-method> <!-- logout -->
        <test-method is-config="true" signature="browserTearDown()[pri:0, instance:org.automation.modulerFramework.TC_BuyAProduct_003_Test@7bedc48a]" started-at="2026-01-29T12:04:38 IST" name="browserTearDown" finished-at="2026-01-29T12:04:39 IST" duration-ms="221" status="PASS">
          <reporter-output>
          </reporter-output>
        </test-method> <!-- browserTearDown -->
      </class> <!-- org.automation.modulerFramework.TC_BuyAProduct_003_Test -->
    </test> <!-- Default test -->
  </suite> <!-- Default suite -->
</testng-results>
