<?xml version="1.0" encoding="UTF-8"?>
<!-- Generated by org.testng.reporters.JUnitReportReporter -->
<testsuite hostname="Hemant" failures="0" tests="2" name="org.automation.BatchExecution.Samsung" time="30.382" errors="0" timestamp="2026-01-08T11:25:15 IST" skipped="0">
  <testcase classname="org.automation.BatchExecution.Samsung" name="launchingS23" time="13.635">
    <system-out>
      <![CDATA[launched s23]]>
    </system-out>
  </testcase> <!-- launchingS23 -->
  <testcase classname="org.automation.BatchExecution.Samsung" name="launchingS24" time="16.747">
    <system-out>
      <![CDATA[launched s24]]>
    </system-out>
  </testcase> <!-- launchingS24 -->
  <system-out>
    <![CDATA[launched edge 40
launched s23
launched s24
launched redmi 13]]>
  </system-out>
</testsuite> <!-- org.automation.BatchExecution.Samsung -->
