<?xml version="1.0" encoding="UTF-8"?>
<!-- Generated by org.testng.reporters.JUnitReportReporter -->
<testsuite hostname="Hemant" failures="0" tests="1" name="org.automation.modulerFramework.TC_RemoveAddToCart_002" time="21.004" errors="0" timestamp="2026-01-22T22:46:07 IST" skipped="0">
  <testcase classname="org.automation.modulerFramework.TC_RemoveAddToCart_002" name="removingProductFromCart" time="21.004">
    <system-out>
      <![CDATA[product remove from cart]]>
    </system-out>
  </testcase> <!-- removingProductFromCart -->
  <system-out>
    <![CDATA[product remove from cart]]>
  </system-out>
</testsuite> <!-- org.automation.modulerFramework.TC_RemoveAddToCart_002 -->
