<?xml version="1.0" encoding="UTF-8"?>
<!-- Generated by org.testng.reporters.JUnitReportReporter -->
<testsuite hostname="Hemant" failures="0" tests="3" name="org.automation.testNG.UnderstandingPriority" time="26.891" errors="0" timestamp="2026-01-07T11:17:15 IST" skipped="0">
  <testcase classname="org.automation.testNG.UnderstandingPriority" name="launchingPurplle" time="4.064"/>
  <testcase classname="org.automation.testNG.UnderstandingPriority" name="launchingKalkiFashion" time="9.853"/>
  <testcase classname="org.automation.testNG.UnderstandingPriority" name="launchingFullyFilmy" time="12.974"/>
</testsuite> <!-- org.automation.testNG.UnderstandingPriority -->
