<?xml version="1.0" encoding="UTF-8"?>
<!-- Generated by org.testng.reporters.JUnitReportReporter -->
<testsuite hostname="Hemant" failures="0" tests="1" name="org.automation.BatchExecution.Motorola" time="5.892" errors="0" timestamp="2026-01-08T11:25:15 IST" skipped="0">
  <testcase classname="org.automation.BatchExecution.Motorola" name="launchingEdge40" time="5.892">
    <system-out>
      <![CDATA[launched edge 40]]>
    </system-out>
  </testcase> <!-- launchingEdge40 -->
  <system-out>
    <![CDATA[launched edge 40
launched s23
launched s24
launched redmi 13]]>
  </system-out>
</testsuite> <!-- org.automation.BatchExecution.Motorola -->
