<?xml version="1.0" encoding="UTF-8"?>
<!-- Generated by org.testng.reporters.JUnitReportReporter -->
<testsuite hostname="Hemant" failures="0" tests="3" name="org.automation.testNG.Demo" time="0.031" errors="0" timestamp="2026-01-04T14:15:38 IST" skipped="0">
  <testcase classname="org.automation.testNG.Demo" name="m1" time="0.012">
    <system-out>
      <![CDATA[2 nd test case executed]]>
    </system-out>
  </testcase> <!-- m1 -->
  <testcase classname="org.automation.testNG.Demo" name="test" time="0.006">
    <system-out>
      <![CDATA[1 st test case executed]]>
    </system-out>
  </testcase> <!-- test -->
  <testcase classname="org.automation.testNG.Demo" name="method1" time="0.013">
    <system-out>
      <![CDATA[3 rd test case executed]]>
    </system-out>
  </testcase> <!-- method1 -->
  <system-out>
    <![CDATA[2 nd test case executed
3 rd test case executed
1 st test case executed]]>
  </system-out>
</testsuite> <!-- org.automation.testNG.Demo -->
