<?xml version="1.0" encoding="UTF-8"?>
<!-- Generated by org.testng.reporters.JUnitReportReporter -->
<testsuite hostname="Hemant" failures="0" tests="3" name="org.automation.dataProvider.DataProvider1" time="31.780" errors="0" timestamp="2026-01-16T11:35:11 IST" skipped="0">
  <testcase classname="org.automation.dataProvider.DataProvider1" name="login" time="6.325"/>
  <testcase classname="org.automation.dataProvider.DataProvider1" name="login" time="6.877"/>
  <testcase classname="org.automation.dataProvider.DataProvider1" name="login" time="18.578"/>
</testsuite> <!-- org.automation.dataProvider.DataProvider1 -->
