<?xml version="1.0" encoding="UTF-8"?>
<!-- Generated by org.testng.reporters.JUnitReportReporter -->
<testsuite hostname="Hemant" failures="0" tests="2" name="org.automation.testNG.PriorityOnTc" time="17.995" errors="0" timestamp="2026-01-07T11:19:17 IST" skipped="0">
  <testcase classname="org.automation.testNG.PriorityOnTc" name="registerTC" time="9.777"/>
  <testcase classname="org.automation.testNG.PriorityOnTc" name="loginTC" time="8.218"/>
</testsuite> <!-- org.automation.testNG.PriorityOnTc -->
