<?xml version="1.0" encoding="UTF-8"?>
<!-- Generated by org.testng.reporters.JUnitReportReporter -->
<testsuite hostname="Hemant" failures="0" tests="1" name="org.automation.BatchExecution.Redmi" time="17.496" errors="0" timestamp="2026-01-08T11:25:14 IST" skipped="0">
  <testcase classname="org.automation.BatchExecution.Redmi" name="launchingRedmi13" time="17.496">
    <system-out>
      <![CDATA[launched redmi 13]]>
    </system-out>
  </testcase> <!-- launchingRedmi13 -->
  <system-out>
    <![CDATA[launched edge 40
launched s23
launched s24
launched redmi 13]]>
  </system-out>
</testsuite> <!-- org.automation.BatchExecution.Redmi -->
