<?xml version="1.0" encoding="UTF-8"?>
<!-- Generated by org.testng.reporters.JUnitReportReporter -->
<testsuite hostname="Hemant" failures="0" tests="1" name="org.automation.testNGFramework.TC_001_AddToCartTest" time="6.021" errors="0" timestamp="2026-01-14T12:16:35 IST" skipped="0">
  <testcase classname="org.automation.testNGFramework.TC_001_AddToCartTest" name="addToCart" time="6.021">
    <system-out>
      <![CDATA[[Test Case addToCart has Started ]
[Test Case addToCart has successfully executed]]]>
    </system-out>
  </testcase> <!-- addToCart -->
  <system-out>
    <![CDATA[<test>Test has Started 
[Test Case addToCart has Started ]
[Test Case addToCart has successfully executed]]]>
  </system-out>
</testsuite> <!-- org.automation.testNGFramework.TC_001_AddToCartTest -->
