<?xml version="1.0" encoding="UTF-8"?>
<!-- Generated by org.testng.reporters.JUnitXMLReporter -->
<testsuite ignored="0" hostname="Hemant" failures="0" tests="4" name="Test2" time="21.505" errors="0" timestamp="2026-01-08T11:57:58 IST">
  <testcase classname="org.automation.parallelExecution.Sachin" name="launchingWiki" time="8.802"/>
  <testcase classname="org.automation.parallelExecution.KLRahul" name="launchingWiki" time="2.852"/>
  <testcase classname="org.automation.parallelExecution.Virat" name="launchingWiki" time="6.38"/>
  <testcase classname="org.automation.parallelExecution.Abhishek" name="launchingWiki" time="3.378"/>
</testsuite> <!-- Test2 -->
