<?xml version="1.0" encoding="UTF-8"?>
<!-- Generated by org.testng.reporters.JUnitXMLReporter -->
<testsuite ignored="0" hostname="Hemant" failures="0" tests="4" name="Test1" time="19.86" errors="0" timestamp="2026-01-08T11:57:57 IST">
  <testcase classname="org.automation.parallelExecution.Jasprit" name="launchingWiki" time="5.466"/>
  <testcase classname="org.automation.parallelExecution.Rohit" name="launchingWiki" time="4.388"/>
  <testcase classname="org.automation.parallelExecution.Hardik" name="launchingWiki" time="3.862"/>
  <testcase classname="org.automation.parallelExecution.Dhoni" name="launchingWiki" time="6.008"/>
</testsuite> <!-- Test1 -->
